<?xml version="1.0" encoding="UTF-8"?>
<!-- Generated by org.testng.reporters.JUnitXMLReporter -->
<testsuite ignored="0" hostname="INBOOK_X1_SLIM" failures="0" tests="6" name="Default test" time="20.947" errors="0" timestamp="2024-07-08T19:12:16 IST">
  <testcase classname="AlignTogetherTest.AlignTogether" name="invokeBrowser" time="17.048"/>
  <testcase classname="AlignTogetherTest.AlignTogether" name="sessionBookingPage" time="0.105"/>
  <testcase classname="AlignTogetherTest.AlignTogether" name="booking" time="1.881"/>
  <testcase classname="AlignTogetherTest.AlignTogether" name="loginPageRedirect" time="0.631"/>
  <testcase classname="AlignTogetherTest.AlignTogether" name="login" time="0.952"/>
  <testcase classname="AlignTogetherTest.AlignTogether" name="loginCredInput" time="0.27"/>
</testsuite> <!-- Default test -->
