<?xml version="1.0" encoding="UTF-8"?>
<!-- Generated by org.testng.reporters.JUnitXMLReporter -->
<testsuite ignored="0" hostname="INBOOK_X1_SLIM" failures="0" tests="6" name="Default test" time="21.237" errors="0" timestamp="2024-07-07T21:09:05 IST">
  <testcase classname="AlignTogetherTest.AlignTogether" name="invokeBrowser" time="16.028"/>
  <testcase classname="AlignTogetherTest.AlignTogether" name="sessionBookingPage" time="0.14"/>
  <testcase classname="AlignTogetherTest.AlignTogether" name="booking" time="2.541"/>
  <testcase classname="AlignTogetherTest.AlignTogether" name="loginPageRedirect" time="0.912"/>
  <testcase classname="AlignTogetherTest.AlignTogether" name="login" time="1.018"/>
  <testcase classname="AlignTogetherTest.AlignTogether" name="loginCredInput" time="0.492"/>
</testsuite> <!-- Default test -->
