<?xml version="1.0" encoding="UTF-8"?>
<testng-results ignored="0" total="8" passed="6" failed="1" skipped="1">
  <reporter-output>
  </reporter-output>
  <suite started-at="2024-07-13T12:47:28 IST" name="Default suite" finished-at="2024-07-13T12:47:59 IST" duration-ms="30833">
    <groups>
    </groups>
    <test started-at="2024-07-13T12:47:28 IST" name="Default test" finished-at="2024-07-13T12:47:59 IST" duration-ms="30833">
      <class name="AlignTogetherTest.AlignTogether">
        <test-method signature="invokeBrowser()[pri:1, instance:AlignTogetherTest.AlignTogether@27406a17]" started-at="2024-07-13T12:47:28 IST" name="invokeBrowser" finished-at="2024-07-13T12:47:44 IST" duration-ms="16141" status="PASS">
          <reporter-output>
          </reporter-output>
        </test-method> <!-- invokeBrowser -->
        <test-method signature="sessionBookingPage()[pri:0, instance:AlignTogetherTest.AlignTogether@27406a17]" started-at="2024-07-13T12:47:44 IST" name="sessionBookingPage" finished-at="2024-07-13T12:47:45 IST" depends-on-methods="AlignTogetherTest.AlignTogether.invokeBrowser" duration-ms="188" status="PASS">
          <reporter-output>
          </reporter-output>
        </test-method> <!-- sessionBookingPage -->
        <test-method signature="booking()[pri:0, instance:AlignTogetherTest.AlignTogether@27406a17]" started-at="2024-07-13T12:47:45 IST" name="booking" finished-at="2024-07-13T12:47:47 IST" depends-on-methods="AlignTogetherTest.AlignTogether.sessionBookingPage" duration-ms="1914" status="PASS">
          <reporter-output>
          </reporter-output>
        </test-method> <!-- booking -->
        <test-method signature="loginPageRedirect()[pri:0, instance:AlignTogetherTest.AlignTogether@27406a17]" started-at="2024-07-13T12:47:47 IST" name="loginPageRedirect" finished-at="2024-07-13T12:47:47 IST" depends-on-methods="AlignTogetherTest.AlignTogether.booking" duration-ms="709" status="PASS">
          <reporter-output>
          </reporter-output>
        </test-method> <!-- loginPageRedirect -->
        <test-method signature="login()[pri:0, instance:AlignTogetherTest.AlignTogether@27406a17]" started-at="2024-07-13T12:47:47 IST" name="login" finished-at="2024-07-13T12:47:48 IST" depends-on-methods="AlignTogetherTest.AlignTogether.loginPageRedirect" duration-ms="1072" status="PASS">
          <reporter-output>
          </reporter-output>
        </test-method> <!-- login -->
        <test-method signature="loginCredInput()[pri:0, instance:AlignTogetherTest.AlignTogether@27406a17]" started-at="2024-07-13T12:47:48 IST" name="loginCredInput" finished-at="2024-07-13T12:47:49 IST" depends-on-methods="AlignTogetherTest.AlignTogether.login" duration-ms="479" status="PASS">
          <reporter-output>
          </reporter-output>
        </test-method> <!-- loginCredInput -->
        <test-method signature="confirmUserName()[pri:0, instance:AlignTogetherTest.AlignTogether@27406a17]" started-at="2024-07-13T12:47:49 IST" name="confirmUserName" finished-at="2024-07-13T12:47:59 IST" depends-on-methods="AlignTogetherTest.AlignTogether.loginCredInput" duration-ms="10205" status="FAIL">
          <exception class="org.openqa.selenium.TimeoutException">
            <message>
              <![CDATA[Expected condition failed: waiting for visibility of element located by By.xpath: //button[@class='ant-btn ant-btn-primary style_ConfirmBtn__0OFqM'] (tried for 10 second(s) with 500 milliseconds interval)
Build info: version: '4.11.0', revision: '040bc5406b'
System info: os.name: 'Windows 11', os.arch: 'amd64', os.version: '10.0', java.version: '17.0.7'
Driver info: org.openqa.selenium.chrome.ChromeDriver
Capabilities {acceptInsecureCerts: false, browserName: chrome, browserVersion: 126.0.6478.127, chrome: {chromedriverVersion: 125.0.6422.141 (4b1e8393712..., userDataDir: C:\Users\abhin\AppData\Loca...}, fedcm:accounts: true, goog:chromeOptions: {debuggerAddress: localhost:51349}, networkConnectionEnabled: false, pageLoadStrategy: normal, platformName: windows, proxy: Proxy(), se:cdp: ws://localhost:51349/devtoo..., se:cdpVersion: 126.0.6478.127, setWindowRect: true, strictFileInteractability: false, timeouts: {implicit: 0, pageLoad: 300000, script: 30000}, unhandledPromptBehavior: dismiss and notify, webauthn:extension:credBlob: true, webauthn:extension:largeBlob: true, webauthn:extension:minPinLength: true, webauthn:extension:prf: true, webauthn:virtualAuthenticators: true}
Session ID: 618ccef018b4af99471e6d8b18859f4c]]>
            </message>
            <full-stacktrace>
              <![CDATA[org.openqa.selenium.TimeoutException: Expected condition failed: waiting for visibility of element located by By.xpath: //button[@class='ant-btn ant-btn-primary style_ConfirmBtn__0OFqM'] (tried for 10 second(s) with 500 milliseconds interval)
Build info: version: '4.11.0', revision: '040bc5406b'
System info: os.name: 'Windows 11', os.arch: 'amd64', os.version: '10.0', java.version: '17.0.7'
Driver info: org.openqa.selenium.chrome.ChromeDriver
Capabilities {acceptInsecureCerts: false, browserName: chrome, browserVersion: 126.0.6478.127, chrome: {chromedriverVersion: 125.0.6422.141 (4b1e8393712..., userDataDir: C:\Users\abhin\AppData\Loca...}, fedcm:accounts: true, goog:chromeOptions: {debuggerAddress: localhost:51349}, networkConnectionEnabled: false, pageLoadStrategy: normal, platformName: windows, proxy: Proxy(), se:cdp: ws://localhost:51349/devtoo..., se:cdpVersion: 126.0.6478.127, setWindowRect: true, strictFileInteractability: false, timeouts: {implicit: 0, pageLoad: 300000, script: 30000}, unhandledPromptBehavior: dismiss and notify, webauthn:extension:credBlob: true, webauthn:extension:largeBlob: true, webauthn:extension:minPinLength: true, webauthn:extension:prf: true, webauthn:virtualAuthenticators: true}
Session ID: 618ccef018b4af99471e6d8b18859f4c
at org.openqa.selenium.support.ui.WebDriverWait.timeoutException(WebDriverWait.java:84)
at org.openqa.selenium.support.ui.FluentWait.until(FluentWait.java:230)
at AlignTogetherTest.AlignTogether.confirmUserName(AlignTogether.java:72)
at java.base/jdk.internal.reflect.NativeMethodAccessorImpl.invoke0(Native Method)
at java.base/jdk.internal.reflect.NativeMethodAccessorImpl.invoke(NativeMethodAccessorImpl.java:77)
at java.base/jdk.internal.reflect.DelegatingMethodAccessorImpl.invoke(DelegatingMethodAccessorImpl.java:43)
at java.base/java.lang.reflect.Method.invoke(Method.java:568)
at org.testng.internal.invokers.MethodInvocationHelper.invokeMethod(MethodInvocationHelper.java:141)
at org.testng.internal.invokers.TestInvoker.invokeMethod(TestInvoker.java:686)
at org.testng.internal.invokers.TestInvoker.invokeTestMethod(TestInvoker.java:230)
at org.testng.internal.invokers.MethodRunner.runInSequence(MethodRunner.java:63)
at org.testng.internal.invokers.TestInvoker$MethodInvocationAgent.invoke(TestInvoker.java:992)
at org.testng.internal.invokers.TestInvoker.invokeTestMethods(TestInvoker.java:203)
at org.testng.internal.invokers.TestMethodWorker.invokeTestMethods(TestMethodWorker.java:154)
at org.testng.internal.invokers.TestMethodWorker.run(TestMethodWorker.java:134)
at java.base/java.util.ArrayList.forEach(ArrayList.java:1511)
at org.testng.TestRunner.privateRun(TestRunner.java:739)
at org.testng.TestRunner.run(TestRunner.java:614)
at org.testng.SuiteRunner.runTest(SuiteRunner.java:421)
at org.testng.SuiteRunner.runSequentially(SuiteRunner.java:413)
at org.testng.SuiteRunner.privateRun(SuiteRunner.java:373)
at org.testng.SuiteRunner.run(SuiteRunner.java:312)
at org.testng.SuiteRunnerWorker.runSuite(SuiteRunnerWorker.java:52)
at org.testng.SuiteRunnerWorker.run(SuiteRunnerWorker.java:95)
at org.testng.TestNG.runSuitesSequentially(TestNG.java:1274)
at org.testng.TestNG.runSuitesLocally(TestNG.java:1208)
at org.testng.TestNG.runSuites(TestNG.java:1112)
at org.testng.TestNG.run(TestNG.java:1079)
at org.testng.remote.AbstractRemoteTestNG.run(AbstractRemoteTestNG.java:115)
at org.testng.remote.RemoteTestNG.initAndRun(RemoteTestNG.java:293)
at org.testng.remote.RemoteTestNG.main(RemoteTestNG.java:91)
]]>
            </full-stacktrace>
          </exception> <!-- org.openqa.selenium.TimeoutException -->
          <reporter-output>
          </reporter-output>
        </test-method> <!-- confirmUserName -->
        <test-method signature="confirmationDone()[pri:0, instance:AlignTogetherTest.AlignTogether@27406a17]" started-at="2024-07-13T12:47:59 IST" name="confirmationDone" finished-at="2024-07-13T12:47:59 IST" depends-on-methods="AlignTogetherTest.AlignTogether.confirmUserName" duration-ms="0" status="SKIP">
          <exception class="java.lang.Throwable">
            <message>
              <![CDATA[Method AlignTogetherTest.AlignTogether.confirmationDone() on instance AlignTogetherTest.AlignTogether@27406a17 depends on not successfully finished methods 
[AlignTogetherTest.AlignTogether.confirmUserName() on instance AlignTogetherTest.AlignTogether@27406a17]]]>
            </message>
            <full-stacktrace>
              <![CDATA[java.lang.Throwable: Method AlignTogetherTest.AlignTogether.confirmationDone() on instance AlignTogetherTest.AlignTogether@27406a17 depends on not successfully finished methods 
[AlignTogetherTest.AlignTogether.confirmUserName() on instance AlignTogetherTest.AlignTogether@27406a17]
at org.testng.internal.invokers.TestInvoker.invokeTestMethods(TestInvoker.java:159)
at org.testng.internal.invokers.TestMethodWorker.invokeTestMethods(TestMethodWorker.java:154)
at org.testng.internal.invokers.TestMethodWorker.run(TestMethodWorker.java:134)
at java.base/java.util.ArrayList.forEach(ArrayList.java:1511)
at org.testng.TestRunner.privateRun(TestRunner.java:739)
at org.testng.TestRunner.run(TestRunner.java:614)
at org.testng.SuiteRunner.runTest(SuiteRunner.java:421)
at org.testng.SuiteRunner.runSequentially(SuiteRunner.java:413)
at org.testng.SuiteRunner.privateRun(SuiteRunner.java:373)
at org.testng.SuiteRunner.run(SuiteRunner.java:312)
at org.testng.SuiteRunnerWorker.runSuite(SuiteRunnerWorker.java:52)
at org.testng.SuiteRunnerWorker.run(SuiteRunnerWorker.java:95)
at org.testng.TestNG.runSuitesSequentially(TestNG.java:1274)
at org.testng.TestNG.runSuitesLocally(TestNG.java:1208)
at org.testng.TestNG.runSuites(TestNG.java:1112)
at org.testng.TestNG.run(TestNG.java:1079)
at org.testng.remote.AbstractRemoteTestNG.run(AbstractRemoteTestNG.java:115)
at org.testng.remote.RemoteTestNG.initAndRun(RemoteTestNG.java:293)
at org.testng.remote.RemoteTestNG.main(RemoteTestNG.java:91)
]]>
            </full-stacktrace>
          </exception> <!-- java.lang.Throwable -->
          <reporter-output>
          </reporter-output>
        </test-method> <!-- confirmationDone -->
      </class> <!-- AlignTogetherTest.AlignTogether -->
    </test> <!-- Default test -->
  </suite> <!-- Default suite -->
</testng-results>
