<?xml version="1.0" encoding="UTF-8"?>
<testng-results ignored="0" total="6" passed="6" failed="0" skipped="0">
  <reporter-output>
  </reporter-output>
  <suite started-at="2024-07-13T12:54:17 IST" name="Default suite" finished-at="2024-07-13T12:54:53 IST" duration-ms="35323">
    <groups>
    </groups>
    <test started-at="2024-07-13T12:54:17 IST" name="Default test" finished-at="2024-07-13T12:54:53 IST" duration-ms="35323">
      <class name="AlignTogetherTest.AlignTogether">
        <test-method signature="invokeBrowser()[pri:1, instance:AlignTogetherTest.AlignTogether@25ce9dc4]" started-at="2024-07-13T12:54:17 IST" name="invokeBrowser" finished-at="2024-07-13T12:54:40 IST" duration-ms="22180" status="PASS">
          <reporter-output>
          </reporter-output>
        </test-method> <!-- invokeBrowser -->
        <test-method signature="sessionBookingPage()[pri:0, instance:AlignTogetherTest.AlignTogether@25ce9dc4]" started-at="2024-07-13T12:54:40 IST" name="sessionBookingPage" finished-at="2024-07-13T12:54:40 IST" depends-on-methods="AlignTogetherTest.AlignTogether.invokeBrowser" duration-ms="147" status="PASS">
          <reporter-output>
          </reporter-output>
        </test-method> <!-- sessionBookingPage -->
        <test-method signature="booking()[pri:0, instance:AlignTogetherTest.AlignTogether@25ce9dc4]" started-at="2024-07-13T12:54:40 IST" name="booking" finished-at="2024-07-13T12:54:44 IST" depends-on-methods="AlignTogetherTest.AlignTogether.sessionBookingPage" duration-ms="4440" status="PASS">
          <reporter-output>
          </reporter-output>
        </test-method> <!-- booking -->
        <test-method signature="loginPageRedirect()[pri:0, instance:AlignTogetherTest.AlignTogether@25ce9dc4]" started-at="2024-07-13T12:54:44 IST" name="loginPageRedirect" finished-at="2024-07-13T12:54:50 IST" depends-on-methods="AlignTogetherTest.AlignTogether.booking" duration-ms="6219" status="PASS">
          <reporter-output>
          </reporter-output>
        </test-method> <!-- loginPageRedirect -->
        <test-method signature="login()[pri:0, instance:AlignTogetherTest.AlignTogether@25ce9dc4]" started-at="2024-07-13T12:54:50 IST" name="login" finished-at="2024-07-13T12:54:52 IST" depends-on-methods="AlignTogetherTest.AlignTogether.loginPageRedirect" duration-ms="1666" status="PASS">
          <reporter-output>
          </reporter-output>
        </test-method> <!-- login -->
        <test-method signature="loginCredInput()[pri:0, instance:AlignTogetherTest.AlignTogether@25ce9dc4]" started-at="2024-07-13T12:54:52 IST" name="loginCredInput" finished-at="2024-07-13T12:54:53 IST" depends-on-methods="AlignTogetherTest.AlignTogether.login" duration-ms="570" status="PASS">
          <reporter-output>
          </reporter-output>
        </test-method> <!-- loginCredInput -->
      </class> <!-- AlignTogetherTest.AlignTogether -->
    </test> <!-- Default test -->
  </suite> <!-- Default suite -->
</testng-results>
